<?xml version="1.0" encoding="UTF-8"?>
<!-- Generated by org.testng.reporters.JUnitXMLReporter -->
<testsuite hostname="DESKTOP-64MKS1Q" ignored="0" name="Test" tests="1" failures="1" timestamp="2020-06-18T11:37:11 IST" time="32.309" errors="0">
  <testcase name="click" time="0.333" classname="homepage.Testcases">
    <failure type="java.lang.NullPointerException">
      <![CDATA[java.lang.NullPointerException
at homepage.Methods.cantactus(Methods.java:23)
at homepage.Testcases.click(Testcases.java:16)
at java.util.ArrayList.forEach(ArrayList.java:1257)
... Removed 27 stack frames]]>
    </failure>
  </testcase> <!-- click -->
</testsuite> <!-- Test -->
